["2025-02-14T11:00:23.488", "DEBUG", "ubuntupro.config", "parse_config", 633, "Using client configuration file at /etc/ubuntu-advantage/uaclient.conf", {}]
["2025-02-14T11:00:23.488", "DEBUG", "ubuntupro.system", "load_file", 517, "Reading file: /etc/ubuntu-advantage/uaclient.conf", {}]
["2025-02-14T11:00:23.488", "DEBUG", "ubuntupro.files.files", "read", 60, "Tried to load /var/lib/ubuntu-advantage/user-config.json but file does not exist", {}]
["2025-02-14T11:00:23.493", "DEBUG", "ubuntupro.http", "configure_web_proxy", 146, "Setting no_proxy: 169.254.169.254,[fd00:ec2::254],metadata", {}]
["2025-02-14T11:00:23.493", "DEBUG", "ubuntupro.http", "configure_web_proxy", 154, "Setting global proxy dict", {}]
["2025-02-14T11:00:23.493", "DEBUG", "ubuntupro.cli", "main", 1821, "Executed with sys.argv: ['/usr/bin/pro', 'security-status', '--format=json']", {}]
["2025-02-14T11:00:23.493", "DEBUG", "ubuntupro.files.files", "read", 60, "Tried to load /var/lib/ubuntu-advantage/machine-token.json but file does not exist", {}]
["2025-02-14T11:00:23.677", "DEBUG", "ubuntupro.system", "load_file", 517, "Reading file: /etc/os-release", {}]
["2025-02-14T11:00:23.685", "DEBUG", "ubuntupro.livepatch", "status", 126, "canonical-livepatch is not installed", {}]
["2025-02-14T11:00:23.685", "DEBUG", "ubuntupro.livepatch", "status", 126, "canonical-livepatch is not installed", {}]
["2025-02-14T11:00:23.686", "DEBUG", "ubuntupro.system", "load_file", 517, "Reading file: /proc/version_signature", {}]
["2025-02-14T11:00:23.687", "WARNING", "ubuntupro.system", "_get_kernel_build_date", 131, "Unable to parse build date from uname version", {}]
["2025-02-14T11:00:23.691", "WARNING", "ubuntupro.system", "_get_kernel_changelog_timestamp", 104, "Falling back to using timestamp of kernel changelog", {}]
["2025-02-21T13:07:33.767", "DEBUG", "ubuntupro.config", "parse_config", 633, "Using client configuration file at /etc/ubuntu-advantage/uaclient.conf", {}]
["2025-02-21T13:07:33.768", "DEBUG", "ubuntupro.system", "load_file", 517, "Reading file: /etc/ubuntu-advantage/uaclient.conf", {}]
["2025-02-21T13:07:33.768", "DEBUG", "ubuntupro.files.files", "read", 60, "Tried to load /var/lib/ubuntu-advantage/user-config.json but file does not exist", {}]
["2025-02-21T13:07:33.772", "DEBUG", "ubuntupro.http", "configure_web_proxy", 146, "Setting no_proxy: 169.254.169.254,[fd00:ec2::254],metadata", {}]
["2025-02-21T13:07:33.772", "DEBUG", "ubuntupro.http", "configure_web_proxy", 154, "Setting global proxy dict", {}]
["2025-02-21T13:07:33.772", "DEBUG", "ubuntupro.cli", "main", 1821, "Executed with sys.argv: ['/usr/bin/pro', 'security-status', '--format=json']", {}]
["2025-02-21T13:07:33.772", "DEBUG", "ubuntupro.files.files", "read", 60, "Tried to load /var/lib/ubuntu-advantage/machine-token.json but file does not exist", {}]
["2025-02-21T13:07:33.942", "DEBUG", "ubuntupro.system", "load_file", 517, "Reading file: /etc/os-release", {}]
["2025-02-21T13:07:33.950", "DEBUG", "ubuntupro.livepatch", "status", 126, "canonical-livepatch is not installed", {}]
["2025-02-21T13:07:33.951", "DEBUG", "ubuntupro.livepatch", "status", 126, "canonical-livepatch is not installed", {}]
["2025-02-21T13:07:33.951", "DEBUG", "ubuntupro.system", "load_file", 517, "Reading file: /proc/version_signature", {}]
["2025-02-21T13:07:33.953", "WARNING", "ubuntupro.system", "_get_kernel_build_date", 131, "Unable to parse build date from uname version", {}]
["2025-02-21T13:07:33.956", "WARNING", "ubuntupro.system", "_get_kernel_changelog_timestamp", 104, "Falling back to using timestamp of kernel changelog", {}]
["2025-02-28T13:07:36.949", "DEBUG", "ubuntupro.config", "parse_config", 633, "Using client configuration file at /etc/ubuntu-advantage/uaclient.conf", {}]
["2025-02-28T13:07:36.950", "DEBUG", "ubuntupro.system", "load_file", 517, "Reading file: /etc/ubuntu-advantage/uaclient.conf", {}]
["2025-02-28T13:07:36.950", "DEBUG", "ubuntupro.files.files", "read", 60, "Tried to load /var/lib/ubuntu-advantage/user-config.json but file does not exist", {}]
["2025-02-28T13:07:36.954", "DEBUG", "ubuntupro.http", "configure_web_proxy", 146, "Setting no_proxy: 169.254.169.254,[fd00:ec2::254],metadata", {}]
["2025-02-28T13:07:36.954", "DEBUG", "ubuntupro.http", "configure_web_proxy", 154, "Setting global proxy dict", {}]
["2025-02-28T13:07:36.954", "DEBUG", "ubuntupro.cli", "main", 1821, "Executed with sys.argv: ['/usr/bin/pro', 'security-status', '--format=json']", {}]
["2025-02-28T13:07:36.954", "DEBUG", "ubuntupro.files.files", "read", 60, "Tried to load /var/lib/ubuntu-advantage/machine-token.json but file does not exist", {}]
["2025-02-28T13:07:37.141", "DEBUG", "ubuntupro.system", "load_file", 517, "Reading file: /etc/os-release", {}]
["2025-02-28T13:07:37.150", "DEBUG", "ubuntupro.livepatch", "status", 126, "canonical-livepatch is not installed", {}]
["2025-02-28T13:07:37.150", "DEBUG", "ubuntupro.livepatch", "status", 126, "canonical-livepatch is not installed", {}]
["2025-02-28T13:07:37.150", "DEBUG", "ubuntupro.system", "load_file", 517, "Reading file: /proc/version_signature", {}]
["2025-02-28T13:07:37.152", "WARNING", "ubuntupro.system", "_get_kernel_build_date", 131, "Unable to parse build date from uname version", {}]
["2025-02-28T13:07:37.156", "WARNING", "ubuntupro.system", "_get_kernel_changelog_timestamp", 104, "Falling back to using timestamp of kernel changelog", {}]
["2025-03-10T08:15:55.054", "DEBUG", "ubuntupro.config", "parse_config", 633, "Using client configuration file at /etc/ubuntu-advantage/uaclient.conf", {}]
["2025-03-10T08:15:55.054", "DEBUG", "ubuntupro.system", "load_file", 517, "Reading file: /etc/ubuntu-advantage/uaclient.conf", {}]
["2025-03-10T08:15:55.055", "DEBUG", "ubuntupro.files.files", "read", 60, "Tried to load /var/lib/ubuntu-advantage/user-config.json but file does not exist", {}]
["2025-03-10T08:15:55.058", "DEBUG", "ubuntupro.http", "configure_web_proxy", 146, "Setting no_proxy: 169.254.169.254,[fd00:ec2::254],metadata", {}]
["2025-03-10T08:15:55.058", "DEBUG", "ubuntupro.http", "configure_web_proxy", 154, "Setting global proxy dict", {}]
["2025-03-10T08:15:55.059", "DEBUG", "ubuntupro.cli", "main", 1821, "Executed with sys.argv: ['/usr/bin/pro', 'security-status', '--format=json']", {}]
["2025-03-10T08:15:55.059", "DEBUG", "ubuntupro.files.files", "read", 60, "Tried to load /var/lib/ubuntu-advantage/machine-token.json but file does not exist", {}]
["2025-03-10T08:15:55.237", "DEBUG", "ubuntupro.system", "load_file", 517, "Reading file: /etc/os-release", {}]
["2025-03-10T08:15:55.246", "DEBUG", "ubuntupro.livepatch", "status", 126, "canonical-livepatch is not installed", {}]
["2025-03-10T08:15:55.246", "DEBUG", "ubuntupro.livepatch", "status", 126, "canonical-livepatch is not installed", {}]
["2025-03-10T08:15:55.246", "DEBUG", "ubuntupro.system", "load_file", 517, "Reading file: /proc/version_signature", {}]
["2025-03-10T08:15:55.248", "WARNING", "ubuntupro.system", "_get_kernel_build_date", 131, "Unable to parse build date from uname version", {}]
["2025-03-10T08:15:55.252", "WARNING", "ubuntupro.system", "_get_kernel_changelog_timestamp", 104, "Falling back to using timestamp of kernel changelog", {}]
["2025-03-17T09:00:59.806", "DEBUG", "ubuntupro.config", "parse_config", 633, "Using client configuration file at /etc/ubuntu-advantage/uaclient.conf", {}]
["2025-03-17T09:00:59.807", "DEBUG", "ubuntupro.system", "load_file", 517, "Reading file: /etc/ubuntu-advantage/uaclient.conf", {}]
["2025-03-17T09:00:59.807", "DEBUG", "ubuntupro.files.files", "read", 60, "Tried to load /var/lib/ubuntu-advantage/user-config.json but file does not exist", {}]
["2025-03-17T09:00:59.811", "DEBUG", "ubuntupro.http", "configure_web_proxy", 146, "Setting no_proxy: 169.254.169.254,[fd00:ec2::254],metadata", {}]
["2025-03-17T09:00:59.811", "DEBUG", "ubuntupro.http", "configure_web_proxy", 154, "Setting global proxy dict", {}]
["2025-03-17T09:00:59.811", "DEBUG", "ubuntupro.cli", "main", 1821, "Executed with sys.argv: ['/usr/bin/pro', 'security-status', '--format=json']", {}]
["2025-03-17T09:00:59.811", "DEBUG", "ubuntupro.files.files", "read", 60, "Tried to load /var/lib/ubuntu-advantage/machine-token.json but file does not exist", {}]
["2025-03-17T09:00:59.989", "DEBUG", "ubuntupro.system", "load_file", 517, "Reading file: /etc/os-release", {}]
["2025-03-17T09:00:59.997", "DEBUG", "ubuntupro.livepatch", "status", 126, "canonical-livepatch is not installed", {}]
["2025-03-17T09:00:59.998", "DEBUG", "ubuntupro.livepatch", "status", 126, "canonical-livepatch is not installed", {}]
["2025-03-17T09:00:59.998", "DEBUG", "ubuntupro.system", "load_file", 517, "Reading file: /proc/version_signature", {}]
["2025-03-17T09:00:59.999", "WARNING", "ubuntupro.system", "_get_kernel_build_date", 131, "Unable to parse build date from uname version", {}]
["2025-03-17T09:01:00.004", "WARNING", "ubuntupro.system", "_get_kernel_changelog_timestamp", 104, "Falling back to using timestamp of kernel changelog", {}]
