24/02 15:42:48  INFO com.intellij.internal.statistic.uploader - Process started with '--ide-token /home/student-devops/.cache/JetBrains/IdeaIC2024.3/token --recorders FUS;MP;IJ_MAP;ML --device-fus 1702253ec15a4d6-ee5e-4c89-a006-a6993977e97a --bucket-fus 77 --machine-fus 709fcca5ba025f97c7ab42d92dd7f0ab8791bfcb0a6377cb68df295346d96519 --id-revision-fus 0 --files-fus /home/student-devops/.cache/JetBrains/IdeaIC2024.3/event-log-data/logs/FUS/79c8-4605-ba74-749ccb7acd09-243.24978.46-release.log:/home/student-devops/.cache/JetBrains/IdeaIC2024.3/event-log-data/logs/FUS/bf72-460b-ac27-278f15795f98-243.24978.46-release.log --escape-fus false --device-mp 170225365016970-3f86-4289-a404-ba5e2d9f9146 --bucket-mp 227 --machine-mp 8cb4cbc6da3c4dc0a19bd1a99e2f1b10fe2b31b79d132236d39c17042a456af8 --id-revision-mp 0 --files-mp /home/student-devops/.cache/JetBrains/IdeaIC2024.3/event-log-data/logs/MP/07d9-411c-8db1-f718b79beacc-243.24978.46-release.log --escape-mp false --device-ij_map 1702253ec15a4d6-ee5e-4c89-a006-a6993977e97a --bucket-ij_map 77 --machine-ij_map 709fcca5ba025f97c7ab42d92dd7f0ab8791bfcb0a6377cb68df295346d96519 --id-revision-ij_map 0 --files-ij_map /home/student-devops/.cache/JetBrains/IdeaIC2024.3/event-log-data/logs/IJ_MAP/bc31-42be-8cc0-327d5b99686f-243.24978.46-release.log:/home/student-devops/.cache/JetBrains/IdeaIC2024.3/event-log-data/logs/IJ_MAP/f7a7-4a1c-8bec-54814ef708e8-243.24978.46-release.log:/home/student-devops/.cache/JetBrains/IdeaIC2024.3/event-log-data/logs/IJ_MAP/4d48-4032-8c60-c256f7d7c7cb-243.24978.46-release.log:/home/student-devops/.cache/JetBrains/IdeaIC2024.3/event-log-data/logs/IJ_MAP/a4b9-4453-a326-e5e5b8a7471a-243.24978.46-release.log:/home/student-devops/.cache/JetBrains/IdeaIC2024.3/event-log-data/logs/IJ_MAP/487d-44d6-9638-0d7be8c216cd-243.24978.46-release.log --escape-ij_map false --device-ml 1702253ec15a4d6-ee5e-4c89-a006-a6993977e97a --bucket-ml 77 --machine-ml 709fcca5ba025f97c7ab42d92dd7f0ab8791bfcb0a6377cb68df295346d96519 --id-revision-ml 0 --files-ml /home/student-devops/.cache/JetBrains/IdeaIC2024.3/event-log-data/logs/ML/6fb3-45b5-8157-4b8990080a06-243.24978.46-release.log --escape-ml false --url https://resources.jetbrains.com/storage/fus/config/v4/%s/%s.json --product IC --product-version 2024.3.3 --baseline-version 243 --user-agent IntelliJ IDEA/243.24978.46 --extra-headers '
24/02 15:42:48  INFO com.intellij.internal.statistic.uploader - Classpath:/snap/intellij-idea-community/578/lib/util-8.jar:/snap/intellij-idea-community/578/lib/annotations.jar:/snap/intellij-idea-community/578/lib/lib-client.jar:/snap/intellij-idea-community/578/lib/stats.jar
24/02 15:42:48  INFO com.intellij.internal.statistic.uploader.events - 1740391968946 STARTED ALL
24/02 15:42:48  INFO com.intellij.internal.statistic.uploader - IDE token file: /home/student-devops/.cache/JetBrains/IdeaIC2024.3/token
24/02 15:42:48  INFO com.intellij.internal.statistic.uploader - [FUS] Start uploading...
24/02 15:42:48  INFO com.intellij.internal.statistic.uploader - [MP] Start uploading...
24/02 15:42:48  INFO com.intellij.internal.statistic.uploader - [ML] Start uploading...
24/02 15:42:48  INFO com.intellij.internal.statistic.uploader - [IJ_MAP] Start uploading...
24/02 15:42:48  INFO com.intellij.internal.statistic.uploader - [FUS] {product:IC, productVersion:2024.3.3, userAgent:IntelliJ IDEA/243.24978.46(External), url: https://resources.jetbrains.com/storage/fus/config/v4/%s/%s.json, internal:false, isTestConfig:false, isTestSendEndpoint:false}
24/02 15:42:48  INFO com.intellij.internal.statistic.uploader - [MP] {product:IC, productVersion:2024.3.3, userAgent:IntelliJ IDEA/243.24978.46(External), url: https://resources.jetbrains.com/storage/fus/config/v4/%s/%s.json, internal:false, isTestConfig:false, isTestSendEndpoint:false}
24/02 15:42:48  INFO com.intellij.internal.statistic.uploader - [IJ_MAP] {product:IC, productVersion:2024.3.3, userAgent:IntelliJ IDEA/243.24978.46(External), url: https://resources.jetbrains.com/storage/fus/config/v4/%s/%s.json, internal:false, isTestConfig:false, isTestSendEndpoint:false}
24/02 15:42:48  INFO com.intellij.internal.statistic.uploader - [ML] {product:IC, productVersion:2024.3.3, userAgent:IntelliJ IDEA/243.24978.46(External), url: https://resources.jetbrains.com/storage/fus/config/v4/%s/%s.json, internal:false, isTestConfig:false, isTestSendEndpoint:false}
24/02 15:42:48  INFO com.intellij.internal.statistic.uploader - [FUS] {recorder:FUS, files:/home/student-devops/.cache/JetBrains/IdeaIC2024.3/event-log-data/logs/FUS/79c8-4605-ba74-749ccb7acd09-243.24978.46-release.log:/home/student-devops/.cache/JetBrains/IdeaIC2024.3/event-log-data/logs/FUS/bf72-460b-ac27-278f15795f98-243.24978.46-release.log}
24/02 15:42:48  INFO com.intellij.internal.statistic.uploader - [IJ_MAP] {recorder:IJ_MAP, files:/home/student-devops/.cache/JetBrains/IdeaIC2024.3/event-log-data/logs/IJ_MAP/bc31-42be-8cc0-327d5b99686f-243.24978.46-release.log:/home/student-devops/.cache/JetBrains/IdeaIC2024.3/event-log-data/logs/IJ_MAP/f7a7-4a1c-8bec-54814ef708e8-243.24978.46-release.log:/home/student-devops/.cache/JetBrains/IdeaIC2024.3/event-log-data/logs/IJ_MAP/4d48-4032-8c60-c256f7d7c7cb-243.24978.46-release.log:/home/student-devops/.cache/JetBrains/IdeaIC2024.3/event-log-data/logs/IJ_MAP/a4b9-4453-a326-e5e5b8a7471a-243.24978.46-release.log:/home/student-devops/.cache/JetBrains/IdeaIC2024.3/event-log-data/logs/IJ_MAP/487d-44d6-9638-0d7be8c216cd-243.24978.46-release.log}
24/02 15:42:48  INFO com.intellij.internal.statistic.uploader - [MP] {recorder:MP, files:/home/student-devops/.cache/JetBrains/IdeaIC2024.3/event-log-data/logs/MP/07d9-411c-8db1-f718b79beacc-243.24978.46-release.log}
24/02 15:42:48  INFO com.intellij.internal.statistic.uploader - [ML] {recorder:ML, files:/home/student-devops/.cache/JetBrains/IdeaIC2024.3/event-log-data/logs/ML/6fb3-45b5-8157-4b8990080a06-243.24978.46-release.log}
24/02 15:42:48  INFO com.intellij.internal.statistic.uploader - [IJ_MAP] {device:1702253ec15a4d6-ee5e-4c89-a006-a6993977e97a, bucket:77}
24/02 15:42:48  INFO com.intellij.internal.statistic.uploader - [MP] {device:170225365016970-3f86-4289-a404-ba5e2d9f9146, bucket:227}
24/02 15:42:48  INFO com.intellij.internal.statistic.uploader - [FUS] {device:1702253ec15a4d6-ee5e-4c89-a006-a6993977e97a, bucket:77}
24/02 15:42:48  INFO com.intellij.internal.statistic.uploader - [ML] {device:1702253ec15a4d6-ee5e-4c89-a006-a6993977e97a, bucket:77}
24/02 15:42:49  INFO com.intellij.internal.statistic.uploader.events - 1740391969717 FINISHED IJ_MAP ERROR_IN_CONFIG
24/02 15:42:49 FINER com.intellij.internal.statistic.uploader - [IJ_MAP] Uploading finished with ERROR_IN_CONFIG
24/02 15:42:49 FINER com.intellij.internal.statistic.uploader - [IJ_MAP] ERROR: settings server is unreachable
24/02 15:42:50 FINER com.intellij.internal.statistic.uploader - 6fb3-45b5-8157-4b8990080a06-243.24978.46-release.log -> ""
24/02 15:42:50 FINER com.intellij.internal.statistic.uploader - Removed sent log: 6fb3-45b5-8157-4b8990080a06-243.24978.46-release.log
24/02 15:42:50  INFO com.intellij.internal.statistic.uploader.events - 1740391970331 SEND ML 1 0 1 [L2hvbWUvc3R1ZGVudC1kZXZvcHMvLmNhY2hlL0pldEJyYWlucy9JZGVhSUMyMDI0LjMvZXZlbnQtbG9nLWRhdGEvbG9ncy9NTC82ZmIzLTQ1YjUtODE1Ny00Yjg5OTAwODBhMDYtMjQzLjI0OTc4LjQ2LXJlbGVhc2UubG9n] []
24/02 15:42:50  INFO com.intellij.internal.statistic.uploader.events - 1740391970333 FINISHED ML
24/02 15:42:50 FINER com.intellij.internal.statistic.uploader - [ML] Uploading finished with SEND
24/02 15:42:50 FINER com.intellij.internal.statistic.uploader - [ML] Uploaded 1 files.
24/02 15:42:50 FINER com.intellij.internal.statistic.uploader - 07d9-411c-8db1-f718b79beacc-243.24978.46-release.log -> ""
24/02 15:42:50 FINER com.intellij.internal.statistic.uploader - Removed sent log: 07d9-411c-8db1-f718b79beacc-243.24978.46-release.log
24/02 15:42:50  INFO com.intellij.internal.statistic.uploader.events - 1740391970426 SEND MP 1 0 1 [L2hvbWUvc3R1ZGVudC1kZXZvcHMvLmNhY2hlL0pldEJyYWlucy9JZGVhSUMyMDI0LjMvZXZlbnQtbG9nLWRhdGEvbG9ncy9NUC8wN2Q5LTQxMWMtOGRiMS1mNzE4Yjc5YmVhY2MtMjQzLjI0OTc4LjQ2LXJlbGVhc2UubG9n] []
24/02 15:42:50  INFO com.intellij.internal.statistic.uploader.events - 1740391970428 FINISHED MP
24/02 15:42:50 FINER com.intellij.internal.statistic.uploader - [MP] Uploading finished with SEND
24/02 15:42:50 FINER com.intellij.internal.statistic.uploader - [MP] Uploaded 1 files.
24/02 15:42:51 FINER com.intellij.internal.statistic.uploader - 79c8-4605-ba74-749ccb7acd09-243.24978.46-release.log -> ""
24/02 15:42:52 FINER com.intellij.internal.statistic.uploader - bf72-460b-ac27-278f15795f98-243.24978.46-release.log -> ""
24/02 15:42:52 FINER com.intellij.internal.statistic.uploader - Removed sent log: 79c8-4605-ba74-749ccb7acd09-243.24978.46-release.log
24/02 15:42:52 FINER com.intellij.internal.statistic.uploader - Removed sent log: bf72-460b-ac27-278f15795f98-243.24978.46-release.log
24/02 15:42:52  INFO com.intellij.internal.statistic.uploader.events - 1740391972180 SEND FUS 2 0 2 [L2hvbWUvc3R1ZGVudC1kZXZvcHMvLmNhY2hlL0pldEJyYWlucy9JZGVhSUMyMDI0LjMvZXZlbnQtbG9nLWRhdGEvbG9ncy9GVVMvNzljOC00NjA1LWJhNzQtNzQ5Y2NiN2FjZDA5LTI0My4yNDk3OC40Ni1yZWxlYXNlLmxvZw==,L2hvbWUvc3R1ZGVudC1kZXZvcHMvLmNhY2hlL0pldEJyYWlucy9JZGVhSUMyMDI0LjMvZXZlbnQtbG9nLWRhdGEvbG9ncy9GVVMvYmY3Mi00NjBiLWFjMjctMjc4ZjE1Nzk1Zjk4LTI0My4yNDk3OC40Ni1yZWxlYXNlLmxvZw==] []
24/02 15:42:52  INFO com.intellij.internal.statistic.uploader.events - 1740391972181 FINISHED FUS
24/02 15:42:52 FINER com.intellij.internal.statistic.uploader - [FUS] Uploading finished with SEND
24/02 15:42:52 FINER com.intellij.internal.statistic.uploader - [FUS] Uploaded 2 files.
